<?xml version="1.0" encoding="UTF-8"?>
<!-- Generated by org.testng.reporters.JUnitXMLReporter -->
<testsuite ignored="0" hostname="PSPLHYLTDL0071" failures="0" tests="10" name="Test1" time="134.047" errors="0" timestamp="13 Apr 2022 10:44:13 GMT">
  <testcase classname="FirstTest" name="camPhoto" time="6.938"/>
  <testcase classname="FirstTest" name="highToLow" time="9.164"/>
  <testcase classname="FirstTest" name="loginAdmin" time="11.354"/>
  <testcase classname="FirstTest" name="logoRedirect" time="10.2"/>
  <testcase classname="FirstTest" name="lowToHigh" time="9.518"/>
  <testcase classname="FirstTest" name="newProduct" time="19.224"/>
  <testcase classname="FirstTest" name="order" time="25.214"/>
  <testcase classname="FirstTest" name="outOfStock" time="11.241"/>
  <testcase classname="FirstTest" name="searchProduct" time="8.399"/>
  <testcase classname="FirstTest" name="searchProductAdmin" time="22.795"/>
</testsuite> <!-- Test1 -->
