<?xml version="1.0" encoding="UTF-8"?>
<testng-results ignored="0" total="10" passed="10" failed="0" skipped="0">
  <reporter-output>
  </reporter-output>
  <suite started-at="2022-04-13T10:41:59Z" name="Suite" finished-at="2022-04-13T10:44:13Z" duration-ms="134047">
    <groups>
    </groups>
    <test started-at="2022-04-13T10:41:59Z" name="Test1" finished-at="2022-04-13T10:44:13Z" duration-ms="134047">
      <class name="FirstTest">
        <test-method signature="camPhoto()[pri:0, instance:FirstTest@23202fce]" started-at="2022-04-13T10:41:59Z" name="camPhoto" description="In &quot;Hot Picks&quot; section, on clicking a category, are they redirecting or not" finished-at="2022-04-13T10:42:06Z" duration-ms="6938" status="PASS">
          <reporter-output>
          </reporter-output>
        </test-method> <!-- camPhoto -->
        <test-method signature="highToLow()[pri:0, instance:FirstTest@23202fce]" started-at="2022-04-13T10:42:06Z" name="highToLow" description="On clicking &quot;high to low&quot;, are the products are in descending order or not" finished-at="2022-04-13T10:42:15Z" duration-ms="9164" status="PASS">
          <reporter-output>
          </reporter-output>
        </test-method> <!-- highToLow -->
        <test-method signature="loginAdmin()[pri:0, instance:FirstTest@23202fce]" started-at="2022-04-13T10:42:15Z" name="loginAdmin" description="Login credentials check" finished-at="2022-04-13T10:42:27Z" duration-ms="11354" status="PASS">
          <reporter-output>
          </reporter-output>
        </test-method> <!-- loginAdmin -->
        <test-method signature="logoRedirect()[pri:0, instance:FirstTest@23202fce]" started-at="2022-04-13T10:42:27Z" name="logoRedirect" description="On clicking WaveKart logo, is it redirecting to Home Page or not" finished-at="2022-04-13T10:42:37Z" duration-ms="10200" status="PASS">
          <reporter-output>
          </reporter-output>
        </test-method> <!-- logoRedirect -->
        <test-method signature="lowToHigh()[pri:0, instance:FirstTest@23202fce]" started-at="2022-04-13T10:42:37Z" name="lowToHigh" description="On clicking &quot;low to high&quot;, are the products are in ascending order or not" finished-at="2022-04-13T10:42:46Z" duration-ms="9518" status="PASS">
          <reporter-output>
          </reporter-output>
        </test-method> <!-- lowToHigh -->
        <test-method signature="newProduct()[pri:0, instance:FirstTest@23202fce]" started-at="2022-04-13T10:42:46Z" name="newProduct" description="new product added by admin" finished-at="2022-04-13T10:43:06Z" duration-ms="19224" status="PASS">
          <reporter-output>
          </reporter-output>
        </test-method> <!-- newProduct -->
        <test-method signature="order()[pri:0, instance:FirstTest@23202fce]" started-at="2022-04-13T10:43:06Z" name="order" description="order by a user" finished-at="2022-04-13T10:43:31Z" duration-ms="25214" status="PASS">
          <reporter-output>
          </reporter-output>
        </test-method> <!-- order -->
        <test-method signature="outOfStock()[pri:0, instance:FirstTest@23202fce]" started-at="2022-04-13T10:43:31Z" name="outOfStock" description="On clicking &quot;include out of stock&quot; checkbox, is it showing the out of stock products are not " finished-at="2022-04-13T10:43:42Z" duration-ms="11241" status="PASS">
          <reporter-output>
          </reporter-output>
        </test-method> <!-- outOfStock -->
        <test-method signature="searchProduct()[pri:0, instance:FirstTest@23202fce]" started-at="2022-04-13T10:43:42Z" name="searchProduct" finished-at="2022-04-13T10:43:50Z" duration-ms="8399" status="PASS">
          <reporter-output>
          </reporter-output>
        </test-method> <!-- searchProduct -->
        <test-method signature="searchProductAdmin()[pri:0, instance:FirstTest@23202fce]" started-at="2022-04-13T10:43:50Z" name="searchProductAdmin" description="Search by admin" finished-at="2022-04-13T10:44:13Z" duration-ms="22795" status="PASS">
          <reporter-output>
          </reporter-output>
        </test-method> <!-- searchProductAdmin -->
      </class> <!-- FirstTest -->
    </test> <!-- Test1 -->
  </suite> <!-- Suite -->
</testng-results>
