<?xml version="1.0" encoding="UTF-8" ?>
<testsuite tests="10" failures="0" name="TestSuite" time="134.045" errors="0" skipped="0">
  <properties>
[...]
</properties>
  <testcase classname="FirstTest" name="camPhoto" time="6.938"/>
  <testcase classname="FirstTest" name="highToLow" time="9.164"/>
  <testcase classname="FirstTest" name="loginAdmin" time="11.352"/>
  <testcase classname="FirstTest" name="logoRedirect" time="10.2"/>
  <testcase classname="FirstTest" name="lowToHigh" time="9.518"/>
  <testcase classname="FirstTest" name="newProduct" time="19.224"/>
  <testcase classname="FirstTest" name="order" time="25.214"/>
  <testcase classname="FirstTest" name="outOfStock" time="11.241"/>
  <testcase classname="FirstTest" name="searchProduct" time="8.399"/>
  <testcase classname="FirstTest" name="searchProductAdmin" time="22.795"/>
</testsuite>